<?xml version="1.0" encoding="UTF-8"?>
<!-- Generated by org.testng.reporters.JUnitReportReporter -->
<testsuite hostname="DESKTOP-MVAG0EU" failures="0" tests="3" name="testRunner.TestRunner" time="15.209" errors="0" timestamp="2023-12-06T16:20:22 IST" skipped="0">
  <testcase classname="testRunner.TestRunner" name="runScenario" time="4.835"/>
  <testcase classname="testRunner.TestRunner" name="runScenario" time="5.449"/>
  <testcase classname="testRunner.TestRunner" name="runScenario" time="4.925"/>
</testsuite> <!-- testRunner.TestRunner -->
