<?xml version="1.0" encoding="UTF-8"?>
<!-- Generated by org.testng.reporters.JUnitReportReporter -->
<testsuite hostname="DESKTOP-MVAG0EU" failures="0" tests="2" name="pageFactory.SuccessMessagePage" time="3.557" errors="0" timestamp="2023-12-06T15:39:45 IST" skipped="0">
  <testcase classname="pageFactory.SuccessMessagePage" name="openBrowser" time="3.363"/>
  <testcase classname="pageFactory.SuccessMessagePage" name="closeBrowser" time="0.194"/>
</testsuite> <!-- pageFactory.SuccessMessagePage -->
