<?xml version="1.0" encoding="UTF-8"?>
<!-- Generated by org.testng.reporters.JUnitReportReporter -->
<testsuite hostname="DESKTOP-MVAG0EU" failures="0" tests="2" name="testBase.TestBase" time="4.528" errors="0" timestamp="2023-12-06T12:39:11 IST" skipped="0">
  <testcase classname="testBase.TestBase" name="openBrowser" time="4.256"/>
  <testcase classname="testBase.TestBase" name="closeBrowser" time="0.272"/>
</testsuite> <!-- testBase.TestBase -->
